[INFO ] 2016-05-15 23:40:46,419 org.springframework.web.context.ContextLoader.initWebApplicationContext(ContextLoader.java:307) - Root WebApplicationContext: initialization started
[INFO ] 2016-05-15 23:40:46,634 org.springframework.context.support.AbstractApplicationContext.prepareRefresh(AbstractApplicationContext.java:574) - Refreshing Root WebApplicationContext: startup date [Sun May 15 23:40:46 CST 2016]; root of context hierarchy
[INFO ] 2016-05-15 23:40:46,697 org.springframework.beans.factory.xml.XmlBeanDefinitionReader.loadBeanDefinitions(XmlBeanDefinitionReader.java:317) - Loading XML bean definitions from URL [file:/Users/zhangjiefeng/personal%20file/IdeaProjects/51vc/target/51vc/WEB-INF/classes/spring/applicationContext.xml]
[INFO ] 2016-05-15 23:40:47,382 org.springframework.core.io.support.PropertiesLoaderSupport.loadProperties(PropertiesLoaderSupport.java:172) - Loading properties file from URL [file:/Users/zhangjiefeng/personal%20file/IdeaProjects/51vc/target/51vc/WEB-INF/classes/jdbc.properties]
[INFO ] 2016-05-15 23:40:48,043 org.springframework.web.context.ContextLoader.initWebApplicationContext(ContextLoader.java:347) - Root WebApplicationContext: initialization completed in 1615 ms
[INFO ] 2016-05-15 23:40:48,094 org.springframework.web.servlet.FrameworkServlet.initServletBean(FrameworkServlet.java:488) - FrameworkServlet 'springmvc': initialization started
[INFO ] 2016-05-15 23:40:48,098 org.springframework.context.support.AbstractApplicationContext.prepareRefresh(AbstractApplicationContext.java:574) - Refreshing WebApplicationContext for namespace 'springmvc-servlet': startup date [Sun May 15 23:40:48 CST 2016]; parent: Root WebApplicationContext
[INFO ] 2016-05-15 23:40:48,100 org.springframework.beans.factory.xml.XmlBeanDefinitionReader.loadBeanDefinitions(XmlBeanDefinitionReader.java:317) - Loading XML bean definitions from URL [file:/Users/zhangjiefeng/personal%20file/IdeaProjects/51vc/target/51vc/WEB-INF/classes/spring/springmvc-servlet.xml]
[INFO ] 2016-05-15 23:40:48,818 org.springframework.web.servlet.handler.AbstractHandlerMethodMapping$MappingRegistry.register(AbstractHandlerMethodMapping.java:531) - Mapped "{[/51vc/order/issueOrder],methods=[POST]}" onto public java.util.Map com.springapp.mvc.controller.OrderController.issueOrder(java.lang.Integer,java.lang.Integer,java.lang.String)
[INFO ] 2016-05-15 23:40:48,820 org.springframework.web.servlet.handler.AbstractHandlerMethodMapping$MappingRegistry.register(AbstractHandlerMethodMapping.java:531) - Mapped "{[/51vc/order/getWaitOrder],methods=[GET]}" onto public java.util.Map com.springapp.mvc.controller.OrderController.getWaitOrder()
[INFO ] 2016-05-15 23:40:48,821 org.springframework.web.servlet.handler.AbstractHandlerMethodMapping$MappingRegistry.register(AbstractHandlerMethodMapping.java:531) - Mapped "{[/51vc/order/acceptOrder],methods=[POST]}" onto public java.util.Map com.springapp.mvc.controller.OrderController.acceptOrder(int,int)
[INFO ] 2016-05-15 23:40:48,822 org.springframework.web.servlet.handler.AbstractHandlerMethodMapping$MappingRegistry.register(AbstractHandlerMethodMapping.java:531) - Mapped "{[/51vc/order/finishedOrder],methods=[POST]}" onto public java.util.Map com.springapp.mvc.controller.OrderController.finishedOrder(int,int,java.lang.String)
[INFO ] 2016-05-15 23:40:48,823 org.springframework.web.servlet.handler.AbstractHandlerMethodMapping$MappingRegistry.register(AbstractHandlerMethodMapping.java:531) - Mapped "{[/51vc/order/cancelOrder],methods=[POST]}" onto public java.util.Map com.springapp.mvc.controller.OrderController.cancelOrder(int,int)
[INFO ] 2016-05-15 23:40:48,831 org.springframework.web.servlet.handler.AbstractHandlerMethodMapping$MappingRegistry.register(AbstractHandlerMethodMapping.java:531) - Mapped "{[/51vc/user/getUserInfo],methods=[GET]}" onto public java.util.Map com.springapp.mvc.controller.UsersController.getUserInfo(javax.servlet.http.HttpServletRequest)
[INFO ] 2016-05-15 23:40:48,832 org.springframework.web.servlet.handler.AbstractHandlerMethodMapping$MappingRegistry.register(AbstractHandlerMethodMapping.java:531) - Mapped "{[/51vc/user/signUp],methods=[POST]}" onto public java.util.Map com.springapp.mvc.controller.UsersController.signUp(java.lang.String,java.lang.String)
[INFO ] 2016-05-15 23:40:48,833 org.springframework.web.servlet.handler.AbstractHandlerMethodMapping$MappingRegistry.register(AbstractHandlerMethodMapping.java:531) - Mapped "{[/51vc/user/signIn],methods=[POST]}" onto public java.util.Map com.springapp.mvc.controller.UsersController.signIn(java.lang.String,java.lang.String)
[INFO ] 2016-05-15 23:40:48,835 org.springframework.web.servlet.handler.AbstractHandlerMethodMapping$MappingRegistry.register(AbstractHandlerMethodMapping.java:531) - Mapped "{[/51vc/user/updateUserPosition],methods=[POST]}" onto public java.util.Map com.springapp.mvc.controller.UsersController.updateUserPosition(java.lang.String,javax.servlet.http.HttpServletRequest)
[INFO ] 2016-05-15 23:40:48,836 org.springframework.web.servlet.handler.AbstractHandlerMethodMapping$MappingRegistry.register(AbstractHandlerMethodMapping.java:531) - Mapped "{[/51vc/user/updateUserPassword],methods=[POST]}" onto public java.util.Map com.springapp.mvc.controller.UsersController.updateUserPassword(java.lang.String,javax.servlet.http.HttpServletRequest)
[INFO ] 2016-05-15 23:40:48,837 org.springframework.web.servlet.handler.AbstractHandlerMethodMapping$MappingRegistry.register(AbstractHandlerMethodMapping.java:531) - Mapped "{[/51vc/user/updateUserInfo],methods=[POST]}" onto public java.util.Map com.springapp.mvc.controller.UsersController.updateUserInfo(java.lang.String,java.lang.String,java.lang.String,javax.servlet.http.HttpServletRequest)
[INFO ] 2016-05-15 23:40:49,456 org.springframework.web.servlet.mvc.method.annotation.RequestMappingHandlerAdapter.initControllerAdviceCache(RequestMappingHandlerAdapter.java:532) - Looking for @ControllerAdvice: WebApplicationContext for namespace 'springmvc-servlet': startup date [Sun May 15 23:40:48 CST 2016]; parent: Root WebApplicationContext
[INFO ] 2016-05-15 23:40:49,535 org.springframework.web.servlet.mvc.method.annotation.RequestMappingHandlerAdapter.initControllerAdviceCache(RequestMappingHandlerAdapter.java:532) - Looking for @ControllerAdvice: WebApplicationContext for namespace 'springmvc-servlet': startup date [Sun May 15 23:40:48 CST 2016]; parent: Root WebApplicationContext
[WARN ] 2016-05-15 23:40:49,613 org.springframework.web.servlet.view.ContentNegotiatingViewResolver.initServletContext(ContentNegotiatingViewResolver.java:190) - Did not find any ViewResolvers to delegate to; please configure them using the 'viewResolvers' property on the ContentNegotiatingViewResolver
[INFO ] 2016-05-15 23:40:49,708 org.springframework.web.servlet.FrameworkServlet.initServletBean(FrameworkServlet.java:507) - FrameworkServlet 'springmvc': initialization completed in 1613 ms
[WARN ] 2016-05-15 23:40:52,263 org.springframework.web.servlet.DispatcherServlet.noHandlerFound(DispatcherServlet.java:1136) - No mapping found for HTTP request with URI [/favicon.ico] in DispatcherServlet with name 'springmvc'
